<?xml version="1.0" encoding="UTF-8"?>
<!-- Generated by org.testng.reporters.JUnitReportReporter -->
<testsuite hostname="DESKTOP-RNGQG4M" name="com.auto.tests.SampleTest" tests="1" failures="0" timestamp="21 Feb 2021 19:02:39 GMT" time="19.046" errors="0">
  <testcase name="launchBrowser_Test1" time="19.046" classname="com.auto.tests.SampleTest"/>
</testsuite> <!-- com.auto.tests.SampleTest -->
