<?xml version="1.0" encoding="UTF-8"?>
<!-- Generated by org.testng.reporters.JUnitReportReporter -->
<testsuite hostname="DESKTOP-F6N48EA" failures="1" tests="1" name="com.auto.tests.LoginTests" time="0.000" errors="0" timestamp="16 Mar 2021 18:49:33 GMT">
  <testcase classname="com.auto.tests.LoginTests" name="loginScenario" time="0.000">
    <failure message="java.lang.NullPointerException: Cannot invoke &quot;org.apache.poi.ss.usermodel.Sheet.getPhysicalNumberOfRows()&quot; because &quot;sheet&quot; is null" type="java.lang.RuntimeException">
      <![CDATA[java.lang.RuntimeException: java.lang.NullPointerException: Cannot invoke "org.apache.poi.ss.usermodel.Sheet.getPhysicalNumberOfRows()" because "sheet" is null
	at org.testng.internal.MethodInvocationHelper.invokeDataProvider(MethodInvocationHelper.java:161)
	at org.testng.internal.Parameters.handleParameters(Parameters.java:429)
	at org.testng.internal.Invoker.handleParameters(Invoker.java:1383)
	at org.testng.internal.Invoker.createParameters(Invoker.java:1075)
	at org.testng.internal.Invoker.invokeTestMethods(Invoker.java:1180)
	at org.testng.internal.TestMethodWorker.invokeTestMethods(TestMethodWorker.java:127)
	at org.testng.internal.TestMethodWorker.run(TestMethodWorker.java:111)
	at java.base/java.util.concurrent.ThreadPoolExecutor.runWorker(ThreadPoolExecutor.java:1130)
	at java.base/java.util.concurrent.ThreadPoolExecutor$Worker.run(ThreadPoolExecutor.java:630)
	at java.base/java.lang.Thread.run(Thread.java:832)
Caused by: java.lang.NullPointerException: Cannot invoke "org.apache.poi.ss.usermodel.Sheet.getPhysicalNumberOfRows()" because "sheet" is null
	at com.framework.core.components.DataProviderUtils.getDataFromExcel(DataProviderUtils.java:26)
	at java.base/jdk.internal.reflect.NativeMethodAccessorImpl.invoke0(Native Method)
	at java.base/jdk.internal.reflect.NativeMethodAccessorImpl.invoke(NativeMethodAccessorImpl.java:64)
	at java.base/jdk.internal.reflect.DelegatingMethodAccessorImpl.invoke(DelegatingMethodAccessorImpl.java:43)
	at java.base/java.lang.reflect.Method.invoke(Method.java:564)
	at org.testng.internal.MethodInvocationHelper.invokeMethod(MethodInvocationHelper.java:84)
	at org.testng.internal.MethodInvocationHelper.invokeDataProvider(MethodInvocationHelper.java:135)
	... 9 more
]]>
    </failure>
  </testcase> <!-- loginScenario -->
</testsuite> <!-- com.auto.tests.LoginTests -->
